1.00005;514;0.693172;6.24222
1.0004;514;0.693349;6.24222
1.00137;514;0.69383;6.24222
1.00324;514;0.694764;6.24222
1.00632;514;0.696303;6.24222
1.01092;514;0.698594;6.24222
1.01734;514;0.701782;6.24222
1.02589;514;0.706009;6.24222
1.03686;514;0.711411;6.24222
1.05057;514;0.718117;6.24222
1.06731;514;0.726246;6.24222
1.08738;514;0.73591;6.24222
1.1111;514;0.747208;6.24222
1.13876;514;0.760225;6.24222
1.17067;514;0.775034;6.24222
1.20713;448;0.791691;6.10479
1.24844;412;0.810237;6.02102
1.29491;386;0.830695;5.95584
1.34685;361;0.853072;5.88888
1.40454;294;0.87736;5.68358
1.46831;316;0.903533;5.75574
1.53845;288;0.931552;5.66296
1.61526;245;0.961363;5.50126
1.69905;239;0.9929;5.47646
1.79012;231;1.02609;5.44242
1.88878;218;1.06083;5.3845
1.99533;195;1.09705;5.273
2.11007;183;1.13464;5.20949
2.2333;163;1.1735;5.09375
2.36533;156;1.21353;5.04986
2.50647;149;1.25461;5.00395
2.65701;141;1.29665;4.94876
2.81726;129;1.33953;4.85981
2.98752;119;1.38317;4.77912
3.1681;113;1.42746;4.72739
3.3593;109;1.47231;4.69135
3.56142;107;1.51763;4.67283
3.77476;99;1.56334;4.59512
3.99964;93;1.60937;4.5326
4.23635;83;1.65562;4.41884
4.48519;80;1.70205;4.38203
4.74647;81;1.74859;4.39445
5.0205;74;1.79517;4.30407
5.30758;76;1.84175;4.33073
5.608;78;1.88828;4.35671
5.92208;65;1.93472;4.17439
6.25011;63;1.98102;4.14313
6.59241;63;2.02715;4.14313
6.94926;59;2.07308;4.07754
7.32099;58;2.11878;4.06044
7.70788;57;2.16423;4.04305
8.11025;55;2.2094;4.00733
8.5284;53;2.25428;3.97029
8.96262;48;2.29884;3.8712
9.41324;47;2.34308;3.85015
9.88053;47;2.38698;3.85015
10.3648;42;2.43052;3.73767
10.8664;41;2.47371;3.71357
11.3856;40;2.51653;3.68888
11.9227;39;2.55898;3.66356
12.478;39;2.60106;3.66356
13.0517;36;2.64275;3.58352
13.6444;36;2.68405;3.58352
14.2561;35;2.72498;3.55535
14.8872;33;2.76551;3.49651
15.5381;32;2.80567;3.46574
16.209;32;2.84543;3.46574
16.9002;32;2.88481;3.46574
17.612;30;2.92381;3.4012
18.3448;30;2.96242;3.4012
19.0988;30;3.00066;3.4012
19.8744;29;3.03852;3.3673
20.6718;29;3.07601;3.3673
21.4913;29;3.11313;3.3673
22.3333;29;3.14988;3.3673
23.1981;26;3.18627;3.2581
24.0859;25;3.22231;3.21888
24.9971;25;3.25799;3.21888
25.9319;25;3.29331;3.21888
26.8908;24;3.3283;3.17805
27.8739;24;3.36294;3.17805
28.8815;20;3.39724;2.99573
29.9141;20;3.43121;2.99573
30.9718;20;3.46485;2.99573
32.055;19;3.49817;2.94444
33.164;19;3.53117;2.94444
34.2991;18;3.56386;2.89037
35.4606;18;3.59623;2.89037
36.6488;18;3.6283;2.89037
37.864;18;3.66007;2.89037
39.1065;18;3.69154;2.89037
40.3766;17;3.72272;2.83321
41.6746;16;3.75361;2.77259
43.0009;14;3.78421;2.63906
44.3557;14;3.81453;2.63906
45.7392;14;3.84458;2.63906
47.152;14;3.87436;2.63906
48.5941;14;3.90387;2.63906
50.066;14;3.93312;2.63906
51.5679;14;3.96211;2.63906
53.1002;13;3.99084;2.56495
54.6631;13;4.01932;2.56495
56.2569;13;4.04755;2.56495
57.882;13;4.07554;2.56495
59.5387;13;4.10328;2.56495
61.2272;13;4.13079;2.56495
62.9479;13;4.15807;2.56495
64.701;12;4.18511;2.48491
66.4869;12;4.21193;2.48491
68.3059;12;4.23853;2.48491
70.1582;12;4.26491;2.48491
72.0443;12;4.29107;2.48491
73.9643;11;4.31701;2.3979
75.9186;10;4.34275;2.30259
77.9075;10;4.36828;2.30259
79.9312;10;4.3936;2.30259
81.9902;10;4.41872;2.30259
84.0847;10;4.44365;2.30259
86.215;10;4.46838;2.30259
88.3813;10;4.49291;2.30259
90.5841;10;4.51726;2.30259
92.8236;11;4.54142;2.3979
95.1001;9;4.56539;2.19722
97.414;9;4.58918;2.19722
99.7654;9;4.6128;2.19722
102.155;9;4.63623;2.19722
104.582;9;4.65949;2.19722
107.049;9;4.68258;2.19722
109.554;9;4.7055;2.19722
112.098;8;4.72825;2.07944
114.681;8;4.75084;2.07944
117.305;8;4.77326;2.07944
119.968;8;4.79553;2.07944
122.672;8;4.81763;2.07944
125.416;8;4.83958;2.07944
128.201;8;4.86137;2.07944
131.028;8;4.88301;2.07944
133.896;8;4.9045;2.07944
136.806;8;4.92585;2.07944
139.758;8;4.94704;2.07944
142.753;8;4.9681;2.07944
145.79;8;4.98901;2.07944
148.871;8;5.00978;2.07944
151.995;8;5.0304;2.07944
155.163;8;5.0509;2.07944
158.374;8;5.07125;2.07944
161.63;8;5.09148;2.07944
164.931;8;5.11157;2.07944
168.276;8;5.13153;2.07944
171.667;8;5.15136;2.07944
175.103;7;5.17107;1.94591
178.585;6;5.19065;1.79176
182.113;6;5.2101;1.79176
185.687;6;5.22944;1.79176
189.309;6;5.24865;1.79176
192.977;6;5.26774;1.79176
196.692;6;5.28671;1.79176
200.456;6;5.30557;1.79176
204.267;6;5.32431;1.79176
208.126;6;5.34294;1.79176
212.034;6;5.36145;1.79176
215.991;6;5.37986;1.79176
219.997;6;5.39815;1.79176
224.052;6;5.41633;1.79176
228.157;6;5.43441;1.79176
232.313;6;5.45238;1.79176
236.518;6;5.47024;1.79176
240.774;6;5.48801;1.79176
245.082;6;5.50566;1.79176
249.44;6;5.52322;1.79176
253.85;6;5.54068;1.79176
258.312;6;5.55803;1.79176
262.826;6;5.57529;1.79176
267.393;6;5.59245;1.79176
272.012;6;5.60952;1.79176
276.685;6;5.62649;1.79176
281.411;6;5.64336;1.79176
286.19;6;5.66015;1.79176
291.024;6;5.67684;1.79176
295.912;6;5.69344;1.79176
300.855;6;5.70995;1.79176
305.852;6;5.72637;1.79176
310.905;6;5.7427;1.79176
316.013;5;5.75894;1.60944
321.177;5;5.7751;1.60944
326.397;5;5.79117;1.60944
331.674;5;5.80716;1.60944
337.007;4;5.82307;1.38629
342.398;4;5.83889;1.38629
347.845;4;5.85463;1.38629
353.351;4;5.87029;1.38629
358.914;4;5.88587;1.38629
364.536;4;5.90136;1.38629
370.216;4;5.91678;1.38629
375.955;4;5.93213;1.38629
381.753;4;5.94739;1.38629
387.61;4;5.96258;1.38629
393.528;4;5.97769;1.38629
399.505;4;5.99273;1.38629
405.543;4;6.00769;1.38629
411.642;4;6.02258;1.38629
417.801;4;6.0374;1.38629
424.022;4;6.05214;1.38629
430.305;4;6.06681;1.38629
436.649;4;6.08142;1.38629
443.055;4;6.09595;1.38629
449.524;4;6.11041;1.38629
456.056;4;6.12481;1.38629
462.651;4;6.13913;1.38629
469.309;4;6.15339;1.38629
476.031;4;6.16758;1.38629
482.817;4;6.18171;1.38629
489.668;4;6.19577;1.38629
496.583;4;6.20976;1.38629
503.563;4;6.22369;1.38629
510.608;4;6.23756;1.38629
517.719;4;6.25136;1.38629
524.895;4;6.2651;1.38629
532.138;4;6.27878;1.38629
539.447;4;6.2924;1.38629
546.823;4;6.30595;1.38629
554.266;4;6.31945;1.38629
561.776;4;6.33288;1.38629
569.354;4;6.34626;1.38629
577;4;6.35957;1.38629
584.714;4;6.37283;1.38629
592.497;4;6.38603;1.38629
600.349;4;6.39917;1.38629
608.269;4;6.41226;1.38629
616.26;4;6.42529;1.38629
624.32;4;6.43826;1.38629
632.45;4;6.45118;1.38629
640.65;4;6.46404;1.38629
648.922;4;6.47685;1.38629
657.264;4;6.48961;1.38629
665.677;4;6.50231;1.38629
674.163;4;6.51495;1.38629
682.72;4;6.52755;1.38629
691.349;4;6.54009;1.38629
700.051;4;6.55258;1.38629
708.825;4;6.56502;1.38629
717.673;4;6.57741;1.38629
726.594;4;6.58974;1.38629
735.589;4;6.60203;1.38629
744.658;3;6.61427;1.09861
753.801;3;6.62645;1.09861
763.019;3;6.63859;1.09861
772.312;3;6.65068;1.09861
781.68;3;6.66272;1.09861
791.124;3;6.67472;1.09861
800.643;3;6.68666;1.09861
810.239;3;6.69856;1.09861
819.911;3;6.71041;1.09861
829.659;3;6.72222;1.09861
839.485;3;6.73398;1.09861
849.389;3;6.74569;1.09861
859.37;3;6.75736;1.09861
869.429;3;6.76899;1.09861
879.566;3;6.78056;1.09861
889.781;2;6.7921;0.693147
900.076;2;6.80359;0.693147
910.45;2;6.81504;0.693147
920.903;2;6.82644;0.693147
931.437;2;6.8378;0.693147
942.05;2;6.84912;0.693147
952.743;2;6.86039;0.693147
963.518;2;6.87163;0.693147
974.373;2;6.88282;0.693147
985.31;2;6.89397;0.693147
996.328;2;6.90508;0.693147
1007.43;2;6.91615;0.693147
1018.61;2;6.92718;0.693147
1029.88;2;6.93816;0.693147
1041.22;2;6.94911;0.693147
1052.65;2;6.96002;0.693147
1064.17;2;6.97089;0.693147
1075.77;2;6.98172;0.693147
1087.45;2;6.99251;0.693147
1099.22;2;7.00326;0.693147
1111.07;2;7.01398;0.693147
1123;2;7.02465;0.693147
1135.02;2;7.03529;0.693147
1147.13;2;7.04589;0.693147
1159.32;2;7.05645;0.693147
1171.6;2;7.06698;0.693147
1183.97;2;7.07747;0.693147
1196.42;2;7.08792;0.693147
1208.96;2;7.09834;0.693147
1221.59;2;7.10872;0.693147
1234.3;2;7.11907;0.693147
1247.1;2;7.12938;0.693147
1259.99;2;7.13966;0.693147
1272.97;2;7.1499;0.693147
1286.04;2;7.1601;0.693147
1299.2;2;7.17027;0.693147
1312.45;2;7.18041;0.693147
1325.78;2;7.19051;0.693147
1339.21;2;7.20058;0.693147
1352.73;2;7.21062;0.693147
1366.33;2;7.22062;0.693147
